Appliances > Air Cleaners Heating and Cooling > Accessories
Appliances > Air Cleaners Heating and Cooling > Air Conditioners
Appliances > Air Cleaners Heating and Cooling > Air Purifiers
Appliances > Air Cleaners Heating and Cooling > Ceiling Fans
Appliances > Air Cleaners Heating and Cooling > Dehumidifiers
Appliances > Air Cleaners Heating and Cooling > Fans
Appliances > Air Cleaners Heating and Cooling > Heaters
Appliances > Air Cleaners Heating and Cooling > Humidifiers
Appliances > Large Kitchen Appliances > Cooktops and Ranges
Appliances > Large Kitchen Appliances > Dishwashers
Appliances > Large Kitchen Appliances > Hoods
Appliances > Large Kitchen Appliances > Microwave Ovens
Appliances > Large Kitchen Appliances > Ovens
Appliances > Large Kitchen Appliances > Refrigerators
Appliances > Large Kitchen Appliances > Trash Compactors and Disposers
Appliances > Large Kitchen Appliances > Wine Refrigerators
Appliances > Laundry > Dryers
Appliances > Laundry > Irons
Appliances > Laundry > Washer/Dryer Combos
Appliances > Laundry > Washers
Appliances > Other Appliances > Home Safety and Security
Appliances > Other Appliances > Sewing Machines and Accessories
Appliances > Other Appliances > Water Purifiers/Filters
Appliances > Other Appliances > Weather Stations
Appliances > Small Kitchen Appliances > Blenders
Appliances > Small Kitchen Appliances > Bread Makers
Appliances > Small Kitchen Appliances > Can Openers
Appliances > Small Kitchen Appliances > Coffee Makers Accessories
Appliances > Small Kitchen Appliances > Coffee Makers and Grinders
Appliances > Small Kitchen Appliances > Cookers
Appliances > Small Kitchen Appliances > Food Processors
Appliances > Small Kitchen Appliances > Fryers
Appliances > Small Kitchen Appliances > Grills
Appliances > Small Kitchen Appliances > Juicers
Appliances > Small Kitchen Appliances > Kettles
Appliances > Small Kitchen Appliances > Mixers
Appliances > Small Kitchen Appliances > Others
Appliances > Small Kitchen Appliances > Toaster Ovens
Appliances > Small Kitchen Appliances > Toasters
Appliances > Small Kitchen Appliances > Vacuum Sealers
Appliances > Vacuums > Vacuum Cleaner Accessories
Appliances > Vacuums > Vacuum Cleaners
Auto Parts > Air Intakes > Air Filters
Auto Parts > Brakes > Accesssories
Auto Parts > Engine > Dress-Up
Auto Parts > Exterior Accessories > Dress-Up and Others
Auto Parts > Exterior Accessories > Truck and SUV
Auto Parts > Motocycle > Parts and Accessories
Auto Parts > Suspension and Handling > Handling
Auto Parts > Suspension and Handling > Pillow Ball Suspension Arms
Auto Parts > Suspension and Handling > Suspensions
Auto Parts > Transmission and Drivetrain > LSD/Differentials
Auto Parts > Vehicle Lightings > Accessories
Auto Parts > Vehicle Lightings > Tail Lights
Auto Parts > Wheels and Tires > Tires
Auto Parts > Wheels and Tires > Wheels
Babies and Kids > Nursery > Crib and Bedding Sets
Clothing > Men's Shoes > Sandals
Clothing > Men's Suits and Blazers > Tuxedos
Clothing > Wedding Apparel > Bridal Gloves
Clothing > Wedding Apparel > Bridal Handbags
Clothing > Wedding Apparel > Bridesmaid Gowns
Clothing > Wedding Apparel > Veils and Headpieces
Clothing > Wedding Apparel > Wedding Gowns
Clothing > Women's Accessories > Hand Bags
Clothing > Women's Shoes > Sandals
Flowers and Gourmet > Cigars Pipes and Humidors > Cigars
Flowers and Gourmet > Cigars Pipes and Humidors > Humidors and Accessories
Flowers and Gourmet > Cigars Pipes and Humidors > Pipes
Flowers and Gourmet > Desserts and Sweets > Candy
Fresno
Furniture > Bedroom Furniture > Armoires
Furniture > Bedroom Furniture > Beds
Furniture > Bedroom Furniture > Collections
Furniture > Bedroom Furniture > Dressers/Chests
Furniture > Bedroom Furniture > Futons Foldables and Inflatable Beds
Furniture > Bedroom Furniture > Headboards/Footboards
Furniture > Bedroom Furniture > Mattresses
Furniture > Bedroom Furniture > Nightstands
Furniture > Entertainment Units and Bookshelves > Bookshelves
Furniture > Entertainment Units and Bookshelves > Entertainment Units
Furniture > Kitchen and Dining Room Furniture > Bar Tables Stools and Sinks
Furniture > Kitchen and Dining Room Furniture > Buffets
Furniture > Kitchen and Dining Room Furniture > Chairs
Furniture > Kitchen and Dining Room Furniture > China Cabinets
Furniture > Kitchen and Dining Room Furniture > Collections/Sets
Furniture > Kitchen and Dining Room Furniture > Kitchen Cabinets and Storage
Furniture > Kitchen and Dining Room Furniture > Kitchen Islands/Carts
Furniture > Kitchen and Dining Room Furniture > Tables
Furniture > Kitchen and Dining Room Furniture > Trash Cans
Furniture > Living Room Furniture > Arm Chairs
Furniture > Living Room Furniture > Bean Bags
Furniture > Living Room Furniture > Cases and Cabinets
Furniture > Living Room Furniture > Chaises
Furniture > Living Room Furniture > Coffee Tables
Furniture > Living Room Furniture > Collections/Sets
Furniture > Living Room Furniture > Ottomans
Furniture > Living Room Furniture > Recliners
Furniture > Living Room Furniture > Rocking Chairs
Furniture > Living Room Furniture > Side Tables
Furniture > Living Room Furniture > Sofas and Accessories
Furniture > Outdoor Furniture > Awnings
Furniture > Outdoor Furniture > Benches
Furniture > Outdoor Furniture > Chaise Lounges
Furniture > Outdoor Furniture > Hammocks
Furniture > Outdoor Furniture > Patio Chairs Tables and Sets
Furniture > Outdoor Furniture > Porch Swings
Furniture > Outdoor Furniture > Umbrellas
Health and Beauty > Bath and Body > Bath and Body Gift Packs
Health and Beauty > Cosmetics: Eyes > Eyelashes
Health and Beauty > Nutrition and Fitness > Shakes Powders and Bars
Health and Beauty > Skincare > Foot and Hands
Indoor Living > Automotive Tools > Floor Jacks and Stands
Indoor Living > Automotive Tools > Mechanics Tools
Indoor Living > Automotive Tools > Workbenches and Tool Storage
Indoor Living > Bath Remodeling > Bath and Sink Accessories
Indoor Living > Bath Remodeling > Faucets
Indoor Living > Bath Remodeling > Mirrors
Indoor Living > Bath Remodeling > Showers and Accessories
Indoor Living > Bath Remodeling > Sinks
Indoor Living > Bath Remodeling > Toilets
Indoor Living > Bath Remodeling > Towel Holders
Indoor Living > Bath Remodeling > Tubs
Indoor Living > Bathroom > Bath Accessories
Indoor Living > Bathroom > Bath Rugs
Indoor Living > Bathroom > Hampers
Indoor Living > Bathroom > Shower Curtains and Accessories
Indoor Living > Bathroom > Towels
Indoor Living > Bedroom > Bedskirts
Indoor Living > Bedroom > Bedspreads
Indoor Living > Bedroom > Blankets
Indoor Living > Bedroom > Collections
Indoor Living > Bedroom > Comforters
Indoor Living > Bedroom > Duvets
Indoor Living > Bedroom > Pillowcases/Shams
Indoor Living > Bedroom > Pillows
Indoor Living > Bedroom > Quilts
Indoor Living > Bedroom > Sheets
Indoor Living > Bedroom > Throws
Indoor Living > Birds > Accessories
Indoor Living > Birds > Cages
Indoor Living > Birds > Feeders
Indoor Living > Birds > Food
Indoor Living > Birds > Perches/Stands
Indoor Living > Birds > Toys
Indoor Living > Cats > Accessories
Indoor Living > Cats > Collars
Indoor Living > Cats > Food
Indoor Living > Cats > Houses
Indoor Living > Cats > Litter Boxes
Indoor Living > Cats > Pharmaceuticals
Indoor Living > Cats > Scratching Posts
Indoor Living > Cats > Toys
Indoor Living > Cookware > Casseroles
Indoor Living > Cookware > Cookware Sets
Indoor Living > Cookware > Fondue Sets
Indoor Living > Cookware > French and Dutch Ovens
Indoor Living > Cookware > Pans
Indoor Living > Cookware > Poachers
Indoor Living > Cookware > Pots
Indoor Living > Cookware > Roasters
Indoor Living > Cookware > Skillets
Indoor Living > Cookware > Woks
Indoor Living > Dogs > Accessories
Indoor Living > Dogs > Beds
Indoor Living > Dogs > Bones
Indoor Living > Dogs > Clothes
Indoor Living > Dogs > Collars
Indoor Living > Dogs > Food
Indoor Living > Dogs > Houses
Indoor Living > Dogs > Leashes
Indoor Living > Dogs > Pharmaceuticals
Indoor Living > Dogs > Toys
Indoor Living > Fish > Accessories
Indoor Living > Fish > Aquarium Decor
Indoor Living > Fish > Aquariums
Indoor Living > Fish > Chemicals/Additives
Indoor Living > Fish > Filters
Indoor Living > Fish > Food
Indoor Living > Fish > Pebbles/Gravel
Indoor Living > Fish > Pumps
Indoor Living > Furnishings > Picture Frames
Indoor Living > Furnishings > Rugs and Tapestry
Indoor Living > Hand Tools and Metrics > Gripping Tools
Indoor Living > Hand Tools and Metrics > Hand Boring Tools
Indoor Living > Hand Tools and Metrics > Hand Cutting Tools
Indoor Living > Hand Tools and Metrics > Hand Fastening Tools
Indoor Living > Hand Tools and Metrics > Hand Finishing Tools
Indoor Living > Hand Tools and Metrics > Impact Tools
Indoor Living > Hand Tools and Metrics > Measuring Tools
Indoor Living > Holiday Decor > Artificial Christmas Trees
Indoor Living > Holiday Decor > Christmas Decorations and Figurines
Indoor Living > Holiday Decor > Christmas Tree Decorations
Indoor Living > Holiday Decor > Christmas Wreathes
Indoor Living > Holiday Decor > Halloween Decor
Indoor Living > Holiday Decor > Hanukkah
Indoor Living > Holiday Decor > Thanksgiving
Indoor Living > Home Decor > Candles and Candlesticks
Indoor Living > Home Decor > Clocks
Indoor Living > Home Decor > Figurines
Indoor Living > Home Decor > Fountains
Indoor Living > Home Decor > Others
Indoor Living > Home Decor > Racks
Indoor Living > Home Decor > Thermometers
Indoor Living > Home Decor > Vases Dishes and Bowls
Indoor Living > Home Decor > Wall Decor
Indoor Living > Home Improvement > Building Supplies
Indoor Living > Home Improvement > Electrical
Indoor Living > Home Improvement > Flooring
Indoor Living > Home Improvement > Hardware
Indoor Living > Home Improvement > Painting Supplies
Indoor Living > Home Improvement > Plumbing
Indoor Living > Kitchen > Bakeware
Indoor Living > Kitchen > Barware
Indoor Living > Kitchen > Cutlery
Indoor Living > Kitchen > Kitchen Apparel
Indoor Living > Kitchen > Kitchen Tools
Indoor Living > Kitchen > Teapots
Indoor Living > Kitchen Remodeling > Faucets
Indoor Living > Kitchen Remodeling > Kitchen Accessories
Indoor Living > Kitchen Remodeling > Sinks
Indoor Living > Lighting > Accessories
Indoor Living > Lighting > Bathroom Lighting
Indoor Living > Lighting > Ceiling Lighting
Indoor Living > Lighting > Chandeliers
Indoor Living > Lighting > Desk and Table Lamps
Indoor Living > Lighting > Floor Lamps
Indoor Living > Lighting > Outdoor Lighting
Indoor Living > Lighting > Sconces and Wall Lamps
Indoor Living > Luggage > Backpacks
Indoor Living > Luggage > Carry Ons and Totes
Indoor Living > Luggage > Cases
Indoor Living > Luggage > Duffle and Garment Bags
Indoor Living > Luggage > Luggage
Indoor Living > Luggage > Travel Accessories
Indoor Living > Party Supplies > Balloons and Decorations
Indoor Living > Party Supplies > Cards and Invitations
Indoor Living > Party Supplies > Favors and Gifts
Indoor Living > Party Supplies > Games and Toys
Indoor Living > Party Supplies > Lights
Indoor Living > Party Supplies > Party Bags
Indoor Living > Party Supplies > Party Packs
Indoor Living > Party Supplies > Tableware
Indoor Living > Party Supplies > Wedding Decor
Indoor Living > Party Supplies > Wedding Gifts and Favors
Indoor Living > Power Tools > Air Power Tools
Indoor Living > Power Tools > Cordless Power Tools
Indoor Living > Power Tools > Generators
Indoor Living > Power Tools > Power Boring Tools
Indoor Living > Power Tools > Power Fastening Tools
Indoor Living > Power Tools > Power Tools Accessories
Indoor Living > Power Tools > Shaping and Finishing Tools
Indoor Living > Power Tools > Soldering and Welding Tools
Indoor Living > Prints and Posters > Art
Indoor Living > Prints and Posters > Celebrities
Indoor Living > Prints and Posters > Children
Indoor Living > Prints and Posters > Comedy
Indoor Living > Prints and Posters > Frame Art
Indoor Living > Prints and Posters > Motivational
Indoor Living > Prints and Posters > Others
Indoor Living > Prints and Posters > Scenic
Indoor Living > Prints and Posters > Sports
Indoor Living > Reptiles > Accessories
Indoor Living > Reptiles > Dishes
Indoor Living > Reptiles > Food
Indoor Living > Reptiles > Heat Lamps/Rocks
Indoor Living > Reptiles > Ornaments/Decorations
Indoor Living > Small Pets > Accessories
Indoor Living > Small Pets > Food
Indoor Living > Small Pets > Hamster Trails
Indoor Living > Small Pets > Houses
Indoor Living > Small Pets > Toys/Wheels
Indoor Living > Small Pets > Water Bottles
Indoor Living > Tableware > Bowls
Indoor Living > Tableware > Dinnerware Sets
Indoor Living > Tableware > Dishes and Plates
Indoor Living > Tableware > Drinkware
Indoor Living > Tableware > Flatware
Indoor Living > Tableware > Linens
Indoor Living > Window Coverings > Blinds
Indoor Living > Window Coverings > Collections
Indoor Living > Window Coverings > Draperies and Curtains
Indoor Living > Window Coverings > Panels
Indoor Living > Window Coverings > Rods and Accessories
Indoor Living > Window Coverings > Shades
Indoor Living > Window Coverings > Valances and Treatments
Jewelry and Watches > Engagement and Wedding > Wedding/Bridal Bands
Jewelry and Watches > Fine Jewelry > Brooches and Pins
Jewelry and Watches > Loose Diamonds > 4.00 Carat
Jewelry and Watches > Miscellaneous Jewelry > Charms and Enhancers
Jewelry and Watches > Watches and Accessories > Watch Bands
Musical Instruments > Amplifiers > Accessories
Musical Instruments > Amplifiers > Bass Amps
Musical Instruments > Amplifiers > Cabinets and Heads
Musical Instruments > Amplifiers > Guitar Amps
Musical Instruments > Amplifiers > Keyboard Amps
Musical Instruments > Amplifiers > Other Amps
Musical Instruments > Brass > Accessories
Musical Instruments > Brass > Cornets
Musical Instruments > Brass > Euphoniums Baritones and Alto Horns
Musical Instruments > Brass > Flugelhorns
Musical Instruments > Brass > French Horns and Mellophones
Musical Instruments > Brass > Trombones
Musical Instruments > Brass > Trumpets
Musical Instruments > Brass > Tubas and Sousaphones
Musical Instruments > Classroom Music > Accessories
Musical Instruments > Classroom Music > Other Classroom Instruments
Musical Instruments > Classroom Music > Recorders and Wind Instruments
Musical Instruments > DJ and Lighting > Accessories
Musical Instruments > DJ and Lighting > Audio and Video Effects
Musical Instruments > DJ and Lighting > DJ CD Players
Musical Instruments > DJ and Lighting > DJ Headphones
Musical Instruments > DJ and Lighting > DJ Packages
Musical Instruments > DJ and Lighting > DJ Turntables
Musical Instruments > DJ and Lighting > Lighting Equipment
Musical Instruments > DJ and Lighting > Mixers
Musical Instruments > Drums and Percussion > Accessories
Musical Instruments > Drums and Percussion > Classroom Percussion
Musical Instruments > Drums and Percussion > Cymbals and Gongs
Musical Instruments > Drums and Percussion > Drum Kits
Musical Instruments > Drums and Percussion > Drums
Musical Instruments > Drums and Percussion > Latin and World Percussion
Musical Instruments > Drums and Percussion > Marching Drums
Musical Instruments > Drums and Percussion > Tuned Percussion
Musical Instruments > Guitars > Accessories
Musical Instruments > Guitars > Acoustic Guitars
Musical Instruments > Guitars > Bass Guitars
Musical Instruments > Guitars > Effects
Musical Instruments > Guitars > Electric Guitars
Musical Instruments > Guitars > Strings
Musical Instruments > Keyboards and Pianos > Accessories
Musical Instruments > Keyboards and Pianos > Digital Pianos
Musical Instruments > Keyboards and Pianos > Portable Keyboards
Musical Instruments > Keyboards and Pianos > Synthesizers
Musical Instruments > Keyboards and Pianos > Traditional Pianos
Musical Instruments > Live Sound > Accessories
Musical Instruments > Live Sound > Karaoke
Musical Instruments > Live Sound > Microphone Preamps
Musical Instruments > Live Sound > PA Systems
Musical Instruments > Live Sound > Power Conditioners
Musical Instruments > Live Sound > Speakers
Musical Instruments > Live Sound > Wireless Systems
Musical Instruments > Recording > Accessories
Musical Instruments > Recording > Microphones
Musical Instruments > Recording > Mixers and Accessories
Musical Instruments > Recording > Recorders
Musical Instruments > Recording > Recording Software
Musical Instruments > Recording > Sequencers and Samplers
Musical Instruments > Recording > Signal Processors
Musical Instruments > Recording > Studio Amps
Musical Instruments > Recording > Studio Monitors
Musical Instruments > String Instruments > Accessories
Musical Instruments > String Instruments > Banjos
Musical Instruments > String Instruments > Cellos
Musical Instruments > String Instruments > Mandolins
Musical Instruments > String Instruments > Other Instruments
Musical Instruments > String Instruments > Ukuleles
Musical Instruments > String Instruments > Upright Basses
Musical Instruments > String Instruments > Violas
Musical Instruments > String Instruments > Violins
Musical Instruments > Woodwinds > Accessories
Musical Instruments > Woodwinds > Bassoons
Musical Instruments > Woodwinds > Clarinets
Musical Instruments > Woodwinds > Flutes and Piccolos
Musical Instruments > Woodwinds > Reeds
Outdoor Living > Barbecue and Patio > Barbecue Accessories
Outdoor Living > Barbecue and Patio > Barbecue Grills
Outdoor Living > Barbecue and Patio > Patio Heaters
Outdoor Living > Gardening and Nursery > Flowers Plants and Trees
Outdoor Living > Gardening and Nursery > Garden Apparel
Outdoor Living > Gardening and Nursery > Garden Decor
Outdoor Living > Gardening and Nursery > Garden and Lawn Treatments
Outdoor Living > Gardening and Nursery > Gardening Tools and Accessories
Outdoor Living > Gardening and Nursery > Lawn Equipment and Accessories
Outdoor Living > Gardening and Nursery > Planters and Pottery
Outdoor Living > Gardening and Nursery > Sprinkler Systems
Outdoor Living > Pool and Spa Supplies > Accessories
Outdoor Living > Pool and Spa Supplies > Covers
Outdoor Living > Pool and Spa Supplies > Filters and Pumps
Outdoor Living > Pool and Spa Supplies > Floats and Loungers
Outdoor Living > Pool and Spa Supplies > Heaters
Outdoor Living > Pool and Spa Supplies > Ladders and Slides
Outdoor Living > Pool and Spa Supplies > Liners
Outdoor Living > Pool and Spa Supplies > Pool and Spa Packages
Outdoor Living > Pool and Spa Supplies > Saunas and Wide Tables
Sporting Goods > Camping > Flashlights and Headlamps
Sporting Goods > Hunting > Game Calls Scents and Lures
Sporting Goods > NCAA > Atlantic Coast > Boston College
Sporting Goods > NCAA > Atlantic Coast > Clemson University
Sporting Goods > NCAA > Atlantic Coast > Duke University
Sporting Goods > NCAA > Atlantic Coast > Florida State University
Sporting Goods > NCAA > Atlantic Coast > Georgia Tech
Sporting Goods > NCAA > Atlantic Coast > North Carolina State University
Sporting Goods > NCAA > Atlantic Coast > University of Maryland
Sporting Goods > NCAA > Atlantic Coast > University of Miami
Sporting Goods > NCAA > Atlantic Coast > University of North Carolina
Sporting Goods > NCAA > Atlantic Coast > University of Virginia
Sporting Goods > NCAA > Atlantic Coast > Virginia Tech
Sporting Goods > NCAA > Atlantic Coast > Wake Forest University
Sporting Goods > NCAA > Big East > Rutgers University
Sporting Goods > NCAA > Big East > Syracuse University
Sporting Goods > NCAA > Big East > University of Cincinnati
Sporting Goods > NCAA > Big East > University of Connecticut
Sporting Goods > NCAA > Big East > University of Louisville
Sporting Goods > NCAA > Big East > University of Pittsburgh
Sporting Goods > NCAA > Big East > University of South Florida
Sporting Goods > NCAA > Big East > West Virginia University
Sporting Goods > NCAA > Big Ten > Indiana University
Sporting Goods > NCAA > Big Ten > Michigan State University
Sporting Goods > NCAA > Big Ten > Northwestern University
Sporting Goods > NCAA > Big Ten > Ohio State University
Sporting Goods > NCAA > Big Ten > Pennsylvania State University
Sporting Goods > NCAA > Big Ten > Purdue University
Sporting Goods > NCAA > Big Ten > University of Illinois
Sporting Goods > NCAA > Big Ten > University of Iowa
Sporting Goods > NCAA > Big Ten > University of Michigan
Sporting Goods > NCAA > Big Ten > University of Minnesota
Sporting Goods > NCAA > Big Ten > University of Wisconsin
Sporting Goods > NCAA > Big Twelve > Baylor University
Sporting Goods > NCAA > Big Twelve > Iowa State University
Sporting Goods > NCAA > Big Twelve > Kansas State University
Sporting Goods > NCAA > Big Twelve > Oklahoma State University
Sporting Goods > NCAA > Big Twelve > Texas AandM University
Sporting Goods > NCAA > Big Twelve > Texas Tech University
Sporting Goods > NCAA > Big Twelve > University of Colorado
Sporting Goods > NCAA > Big Twelve > University of Kansas
Sporting Goods > NCAA > Big Twelve > University of Missouri
Sporting Goods > NCAA > Big Twelve > University of Nebraska
Sporting Goods > NCAA > Big Twelve > University of Oklahoma
Sporting Goods > NCAA > Big Twelve > University of Texas
Sporting Goods > NCAA > Independents > Military Academy
Sporting Goods > NCAA > Independents > Naval Academy
Sporting Goods > NCAA > Independents > University of Notre Dame
Sporting Goods > NCAA > Independents > Western Kentucky University
Sporting Goods > NCAA > Mid-American > Ball State University
Sporting Goods > NCAA > Mid-American > Bowling Green State University
Sporting Goods > NCAA > Mid-American > Central Michigan University
Sporting Goods > NCAA > Mid-American > Eastern Michigan University
Sporting Goods > NCAA > Mid-American > Kent State University
Sporting Goods > NCAA > Mid-American > Miami University Ohio
Sporting Goods > NCAA > Mid-American > Northern Illinois University
Sporting Goods > NCAA > Mid-American > Ohio University
Sporting Goods > NCAA > Mid-American > Temple University
Sporting Goods > NCAA > Mid-American > University at Buffalo
Sporting Goods > NCAA > Mid-American > University of Akron
Sporting Goods > NCAA > Mid-American > University of Toledo
Sporting Goods > NCAA > Mid-American > Western Michigan University
Sporting Goods > NCAA > Mountain West > Air Force Academy
Sporting Goods > NCAA > Mountain West > Brigham Young University
Sporting Goods > NCAA > Mountain West > Colorado State University
Sporting Goods > NCAA > Mountain West > San Diego State University
Sporting Goods > NCAA > Mountain West > Texas Christian University
Sporting Goods > NCAA > Mountain West > University of Nevada Las Vegas
Sporting Goods > NCAA > Mountain West > University of New Mexico
Sporting Goods > NCAA > Mountain West > University of Utah
Sporting Goods > NCAA > Mountain West > University of Wyoming
Sporting Goods > NCAA > Pacific-10 > Arizona State University
Sporting Goods > NCAA > Pacific-10 > Oregon State University
Sporting Goods > NCAA > Pacific-10 > Stanford University
Sporting Goods > NCAA > Pacific-10 > University of Arizona
Sporting Goods > NCAA > Pacific-10 > University of California Berkeley
Sporting Goods > NCAA > Pacific-10 > University of California Los Angeles
Sporting Goods > NCAA > Pacific-10 > University of Oregon
Sporting Goods > NCAA > Pacific-10 > University of Southern California
Sporting Goods > NCAA > Pacific-10 > University of Washington
Sporting Goods > NCAA > Pacific-10 > Washington State University
Sporting Goods > NCAA > Southeastern > Auburn University
Sporting Goods > NCAA > Southeastern > Louisiana State University
Sporting Goods > NCAA > Southeastern > Mississippi State University
Sporting Goods > NCAA > Southeastern > University of Alabama
Sporting Goods > NCAA > Southeastern > University of Arkansas
Sporting Goods > NCAA > Southeastern > University of Florida
Sporting Goods > NCAA > Southeastern > University of Georgia
Sporting Goods > NCAA > Southeastern > University of Kentucky
Sporting Goods > NCAA > Southeastern > University of Mississippi
Sporting Goods > NCAA > Southeastern > University of South Carolina
Sporting Goods > NCAA > Southeastern > University of Tennessee
Sporting Goods > NCAA > Southeastern > Vanderbilt University
Sporting Goods > NCAA > Western Athletic > Boise State University
Sporting Goods > NCAA > Western Athletic > California State University
Sporting Goods > NCAA > Western Athletic > Louisiana Tech University
Sporting Goods > NCAA > Western Athletic > New Mexico State University
Sporting Goods > NCAA > Western Athletic > San Jose State University
Sporting Goods > NCAA > Western Athletic > University of Hawaii
Sporting Goods > NCAA > Western Athletic > University of Idaho
Sporting Goods > NCAA > Western Athletic > University of Nevada Reno
Sporting Goods > NCAA > Western Athletic > Utah State University
Sporting Goods > Skateboarding > Skateboards
Sporting Goods > Water Sports > Wakeboarding
Toys > Toys > Pretend Play Toys
Toys > Toys > R/C and Robotics
