Auto Parts and Accessories
Baby Care
Building Supplies
Cars/Automotive Security Systems
Cars/New Cars
Cars/Used Cars
Cigars and Tobacco Accessories
Clothing
Computers/Components/Graphics Cards
Computers/Components/Input Adapters
Computers/Components/Motherboards
Computers/Components/PC Cases
Computers/Components/Processors
Computers/Components/Sound Cards
Computers/Components/System Cooling
Computers/Components/System Power Supplies
Computers/Computer Accessories/Cables and Connectors
Computers/Computer Accessories/Cartridges and Toners
Computers/Computer Accessories/Computer Speakers
Computers/Computer Accessories/KVM Switches
Computers/Computer Accessories/Laptop Accessories
Computers/Computer Accessories/Monitor Accessories
Computers/Computer Accessories/Printer Accessories
Computers/Computer Accessories/Scanner Accessories
Computers/Computer Accessories/Surge Suppressors
Computers/Computer Accessories/UPS Accessories
Computers/Computer Accessories/UPS Systems Devices
Computers/Computer Accessories/USB and Firewire Hubs
Computers/Computer Memory/Cache Memory
Computers/Computer Memory/Flash Memory
Computers/Computer Memory/Memory Adapters
Computers/Computer Memory/Random Access Memory (RAM)
Computers/Computer Memory/Read Only Memory (ROM)
Computers/Computer Memory/Video Memory
Computers/Hardware/Barcode Scanners
Computers/Hardware/Barebone Systems
Computers/Hardware/Mac Desktops
Computers/Hardware/Mac Laptops
Computers/Hardware/Monitors
Computers/Hardware/Network Terminals
Computers/Hardware/PC Desktops
Computers/Hardware/PC Laptops
Computers/Hardware/Printers
Computers/Hardware/Scanners
Computers/Hardware/Servers
Computers/Hardware/Tablet PCs
Computers/Input Devices/Graphic Tablets
Computers/Input Devices/Keyboards and Mice
Computers/Input Devices/PC Gaming Devices
Computers/Input Devices/Web Cameras
Computers/Modems
Computers/Networking/Bridges
Computers/Networking/Concentrators and Multiplexers
Computers/Networking/Expansion Modules
Computers/Networking/Firewalls
Computers/Networking/IP Phones
Computers/Networking/Media Streamers
Computers/Networking/Network Accessories
Computers/Networking/Network Adapters
Computers/Networking/Network Cables
Computers/Networking/Networking Hubs and Switches
Computers/Networking/Networking Repeaters
Computers/Networking/Other Network Devices
Computers/Networking/Print Servers
Computers/Networking/Remote Access Servers
Computers/Networking/Routers
Computers/Networking/Serial Adapters
Computers/Networking/Transceivers
Computers/Networking/Wireless Access Points
Computers/Networking/Wireless Adapters
Computers/PDAs and Portable Hardware/PDA Accessories
Computers/PDAs and Portable Hardware/PDAs
Computers/Software
Computers/Storage and Media/CD and DVD Burners
Computers/Storage and Media/CD ROM Drives
Computers/Storage and Media/Drive Cases
Computers/Storage and Media/DVD Drives
Computers/Storage and Media/Floppy Drives
Computers/Storage and Media/Hard Drives
Computers/Storage and Media/Network Storage
Computers/Storage and Media/Removable Media
Computers/Storage and Media/Storage Controllers
Computers/Storage and Media/Tape Drives
Computers/Storage and Media/Zip and Other Drives
Cosmetics
Craft Supplies
Electronics/Cameras and Photography/Camcorder Accessories
Electronics/Cameras and Photography/Camcorders
Electronics/Cameras and Photography/Camera Lenses
Electronics/Cameras and Photography/Digital Camera Accessories
Electronics/Cameras and Photography/Digital Cameras
Electronics/Cameras and Photography/Film Cameras
Electronics/Cameras and Photography/Flashes
Electronics/Cameras and Photography/Lens Converters
Electronics/Cameras and Photography/Photographic Film
Electronics/Cameras and Photography/Photography Accessories
Electronics/Cameras and Photography/Tripods
Electronics/Car Audio and Electronics/Car Amplifiers
Electronics/Car Audio and Electronics/Car Audio and Video Accessories
Electronics/Car Audio and Electronics/Car CD Changers
Electronics/Car Audio and Electronics/Car Equalizers
Electronics/Car Audio and Electronics/Car Monitors
Electronics/Car Audio and Electronics/Car Speakers and Subwoofers
Electronics/Car Audio and Electronics/Car Video Players
Electronics/Car Audio and Electronics/CB Radios
Electronics/Car Audio and Electronics/In Dash Receivers
Electronics/Car Audio and Electronics/Radar Detectors
Electronics/Car Audio and Electronics/Radio Scanners
Electronics/Communications/2 Way Radios
Electronics/Communications/Answering Machines
Electronics/Communications/Cellular Accessories
Electronics/Communications/Cellular Phones
Electronics/Communications/Conferencing Stations
Electronics/Communications/Phones
Electronics/Communications/Telephone Accessories
Electronics/Handheld Electronics/GPS Accessories
Electronics/Handheld Electronics/GPS Devices
Electronics/Home Audio/Amplifiers and Preamps
Electronics/Home Audio/Audio and Video Media
Electronics/Home Audio/Audio Shelf Systems
Electronics/Home Audio/CD Players
Electronics/Home Audio/Equalizers
Electronics/Home Audio/Home Audio Accessories
Electronics/Home Audio/Home Theater Speakers and Subwoofers
Electronics/Home Audio/Home Theater Systems
Electronics/Home Audio/Microphones
Electronics/Home Audio/Mini Disc Players
Electronics/Home Audio/Receivers
Electronics/Home Audio/Tape Decks
Electronics/Home Audio/Turntables
Electronics/Optics/Binoculars
Electronics/Optics/Microscopes
Electronics/Optics/Night Vision
Electronics/Optics/Optics Accessories
Electronics/Optics/Rangefinders
Electronics/Optics/Rifle Scopes
Electronics/Optics/Spotting Scopes
Electronics/Optics/Telescopes
Electronics/Personal Audio/Boomboxes
Electronics/Personal Audio/Clock Radios
Electronics/Personal Audio/Headphones
Electronics/Personal Audio/Headsets
Electronics/Personal Audio/MP3 Accessories
Electronics/Personal Audio/MP3 and Digital Media Players
Electronics/Personal Audio/Personal Audio Mini Disc Player
Electronics/Personal Audio/Personal Cassette Players
Electronics/Personal Audio/Personal CD Players
Electronics/Personal Audio/Personal Radios
Electronics/Satellite Radio Accessories
Electronics/Satellite Radio Receivers
Electronics/TV and Video/DVD Players
Electronics/TV and Video/Flat Panel Televisions
Electronics/TV and Video/Portable Televisions
Electronics/TV and Video/Projection Televisions
Electronics/TV and Video/Remote Controls
Electronics/TV and Video/Standard Televisions
Electronics/TV and Video/TV Receivers and DVRs
Electronics/TV and Video/VCRs
Electronics/Warranties and Service Agreements
Electronics/Weather Stations
Flowers and Plants
Food and Drink
Fragrance
Furniture
Garden
Gift Cards
Gifts and Collectibles
Handbags and Wallets
Health Aids
Health and Beauty/Shavers
Home and Garden/Appliance Accessories/Air Conditioner Accessories
Home and Garden/Appliance Accessories/Dishwasher Accessories
Home and Garden/Appliance Accessories/Grill and Smoker Accessories
Home and Garden/Appliance Accessories/Humidifier, Dehumidifier and Air Purifier Accessories
Home and Garden/Appliance Accessories/Microwave Oven Accessories
Home and Garden/Appliance Accessories/Range and Oven Accessories
Home and Garden/Appliance Accessories/Refrigerator and Freezer Accessories
Home and Garden/Appliance Accessories/Sewing Machine Accessories
Home and Garden/Appliance Accessories/Vacuum Cleaner Accessories
Home and Garden/Appliance Accessories/Washer and Dryer Accessories
Home and Garden/Home Appliances/Air Conditioners
Home and Garden/Home Appliances/Air Purifiers
Home and Garden/Home Appliances/Dehumidifiers
Home and Garden/Home Appliances/Dryers
Home and Garden/Home Appliances/Electric Fans
Home and Garden/Home Appliances/Grills and Smokers
Home and Garden/Home Appliances/Heaters
Home and Garden/Home Appliances/Humidifiers
Home and Garden/Home Appliances/Irons
Home and Garden/Home Appliances/Sewing Machines
Home and Garden/Home Appliances/Vacuums
Home and Garden/Home Appliances/Washing Machines
Home and Garden/Large Kitchen Appliances/Dishwashers
Home and Garden/Large Kitchen Appliances/Freezers
Home and Garden/Large Kitchen Appliances/Kitchen Cooktops
Home and Garden/Large Kitchen Appliances/Kitchen Hoods
Home and Garden/Large Kitchen Appliances/Kitchen Ranges
Home and Garden/Large Kitchen Appliances/Ovens
Home and Garden/Large Kitchen Appliances/Refrigerators
Home and Garden/Small Kitchen Appliances/Blenders
Home and Garden/Small Kitchen Appliances/Bread Machines
Home and Garden/Small Kitchen Appliances/Coffee and Espresso Makers
Home and Garden/Small Kitchen Appliances/Coffee Grinders
Home and Garden/Small Kitchen Appliances/Crock Pots and Slow Cookers
Home and Garden/Small Kitchen Appliances/Deep Fryers
Home and Garden/Small Kitchen Appliances/Electric Kettles
Home and Garden/Small Kitchen Appliances/Electric Skillets and Woks
Home and Garden/Small Kitchen Appliances/Food Processors
Home and Garden/Small Kitchen Appliances/Ice Cream Makers
Home and Garden/Small Kitchen Appliances/Indoor Grills and Sandwich Makers
Home and Garden/Small Kitchen Appliances/Juicers
Home and Garden/Small Kitchen Appliances/Kitchen Electrics Accessories
Home and Garden/Small Kitchen Appliances/Microwave Ovens
Home and Garden/Small Kitchen Appliances/Mixers
Home and Garden/Small Kitchen Appliances/Pasta Makers
Home and Garden/Small Kitchen Appliances/Popcorn Makers
Home and Garden/Small Kitchen Appliances/Rice Cookers and Steamers
Home and Garden/Small Kitchen Appliances/Specialty Kitchen Appliances
Home and Garden/Small Kitchen Appliances/Toaster Ovens
Home and Garden/Small Kitchen Appliances/Toasters
Home and Garden/Small Kitchen Appliances/Waffle Makers
Home Furnishings
Jewelry
Kids and Family/Baby Carriers
Kids and Family/Car Seats
Kids and Family/Cribs and Bassinets
Kids and Family/Strollers
Kitchen
Lighting
Luggage
Magazine and Subscriptions/Magazine and Newspaper Subscriptions
Magazine and Subscriptions/Magazines
Miscellaneous
Motorcycle Parts and Accessories
Musical Instruments
Nutrition
Office/Office Machines/Calculators
Office/Office Machines/Copiers
Office/Office Machines/Electronic Dictionaries and Translators
Office/Office Machines/Fax Machines
Office/Office Machines/Multimedia Projector Replacement Lamps
Office/Office Machines/Multimedia Projectors
Office/Office Machines/Overhead Projectors
Office/Office Machines/Projection Screens
Office/Office Machines/Shredders
Office/Office Machines/Slide Projectors
Office/Office Machines/Typewriters
Office/Office Machines/Voice Recorders and Transcribers
Office/Office Supplies
Personal Care
Pets
Plumbing Supplies
Security Systems and Surveillance
Sheet Music
Shoes
Software/Computer Games
Spirits and Beers
Sports and Outdoors/Boating and Sailing Accessories
Sports and Outdoors/Flashlights
Sports and Outdoors/Marine Electronics
Sport and Outdoor
Sunglasses
Tools and Accessories
Toys
TV Accessories
Video Games/Classic Console Games
Video Games/Dreamcast Games
Video Games/DS Games
Video Games/Game Boy Advance Games
Video Games/Game Boy Color Games
Video Games/GameCube Games
Video Games/N Gage Games
Video Games/Nintendo 64 Games
Video Games/Nintendo Wii Games
Video Games/PlayStation 1 Games
Video Games/PlayStation 2 Games
Video Games/Playstation 3 Games
Video Games/PSP Games
Video Games/Video Game Accessories
Video Games/Video Game Consoles
Video Games/Xbox 36 Games
Video Games/Xbox Games
Wall Art
Watches
Wine
Dynamic Navigatio
